{"level":"info","message":"Hello world!","timestamp":"2014-06-02T14:08:06.279Z"}
{"level":"info","message":"Hello world!","timestamp":"2014-06-02T14:08:28.264Z"}
{"level":"error","message":"Invalid api-key.","timestamp":"2014-06-02T14:31:21.125Z"}
{"level":"error","message":"Invalid api-key.","timestamp":"2014-06-02T14:40:20.227Z"}
{"level":"error","message":"Invalid api-key.","timestamp":"2014-06-02T14:42:04.945Z"}
{"level":"error","message":"Invalid api-key.","timestamp":"2014-06-02T14:42:13.677Z"}
{"level":"error","message":"Invalid api-key.","timestamp":"2014-06-02T14:42:17.571Z"}
{"level":"error","message":"Invalid api-key.","timestamp":"2014-06-02T14:42:18.270Z"}
{"level":"error","message":"Invalid api-key.","timestamp":"2014-06-02T14:42:19.298Z"}
{"level":"error","message":"Invalid api-key.","timestamp":"2014-06-02T14:42:19.465Z"}
{"level":"error","message":"Invalid api-key.","timestamp":"2014-06-02T14:42:20.762Z"}
{"level":"error","message":"Invalid api-key.","timestamp":"2014-06-02T14:42:21.170Z"}
{"level":"error","message":"undefined","timestamp":"2014-06-02T18:17:06.580Z"}
{"level":"error","message":"Invalid api key!","timestamp":"2014-06-02T18:17:52.774Z"}
{"level":"error","message":"Invalid api key!","timestamp":"2014-06-02T18:18:18.517Z"}
{"level":"error","message":"Invalid api key!","timestamp":"2014-06-02T18:19:03.481Z"}
{"level":"error","message":"Invalid api key!","timestamp":"2014-06-02T19:50:37.826Z"}
{"level":"error","message":"Invalid api key!","timestamp":"2014-06-02T19:52:57.911Z"}
{"level":"error","message":"Invalid api,second msg","timestamp":"2014-06-02T21:07:28.516Z"}
{"level":"error","message":"lol","timestamp":"2014-06-02T21:12:47.680Z"}
{"level":"error","message":"lol","timestamp":"2014-06-02T21:13:23.944Z"}
{"level":"error","message":"lol","timestamp":"2014-06-02T21:13:35.679Z"}
{"level":"error","message":"lol","timestamp":"2014-06-02T21:13:57.925Z"}
{"level":"error","message":"lol","timestamp":"2014-06-02T21:16:15.559Z"}
{"level":"error","message":"lol","timestamp":"2014-06-02T21:18:26.805Z"}
{"level":"error","message":"lol","timestamp":"2014-06-02T21:18:40.082Z"}
